0 info it worked if it ends with ok
1 verbose cli [ '/Users/CreativeMind/.nvm/versions/node/v6.9.2/bin/node',
1 verbose cli   '/Users/CreativeMind/.nvm/versions/node/v6.9.2/bin/npm',
1 verbose cli   'publish' ]
2 info using npm@3.10.9
3 info using node@v6.9.2
4 verbose publish [ '.' ]
5 silly cache add args [ '.', null ]
6 verbose cache add spec .
7 silly cache add parsed spec Result {
7 silly cache add   raw: '.',
7 silly cache add   scope: null,
7 silly cache add   escapedName: null,
7 silly cache add   name: null,
7 silly cache add   rawSpec: '.',
7 silly cache add   spec: '/Users/CreativeMind/Desktop/utility_tool',
7 silly cache add   type: 'directory' }
8 verbose addLocalDirectory /Users/CreativeMind/.npm/utility_tool/1.0.0/package.tgz not in flight; packing
9 verbose correctMkdir /Users/CreativeMind/.npm correctMkdir not in flight; initializing
10 info lifecycle utility_tool@1.0.0~prepublish: utility_tool@1.0.0
11 silly lifecycle utility_tool@1.0.0~prepublish: no script for prepublish, continuing
12 verbose tar pack [ '/Users/CreativeMind/.npm/utility_tool/1.0.0/package.tgz',
12 verbose tar pack   '/Users/CreativeMind/Desktop/utility_tool' ]
13 verbose tarball /Users/CreativeMind/.npm/utility_tool/1.0.0/package.tgz
14 verbose folder /Users/CreativeMind/Desktop/utility_tool
15 verbose addLocalTarball adding from inside cache /Users/CreativeMind/.npm/utility_tool/1.0.0/package.tgz
16 verbose correctMkdir /Users/CreativeMind/.npm correctMkdir not in flight; initializing
17 silly cache afterAdd utility_tool@1.0.0
18 verbose afterAdd /Users/CreativeMind/.npm/utility_tool/1.0.0/package/package.json not in flight; writing
19 verbose correctMkdir /Users/CreativeMind/.npm correctMkdir not in flight; initializing
20 verbose afterAdd /Users/CreativeMind/.npm/utility_tool/1.0.0/package/package.json written
21 silly publish { name: 'utility_tool',
21 silly publish   version: '1.0.0',
21 silly publish   description: 'Utility Tool',
21 silly publish   main: 'src/util.js',
21 silly publish   scripts: { test: 'echo "Error: no test specified" && exit 1' },
21 silly publish   author: { name: 'Janay Peters' },
21 silly publish   license: 'ISC',
21 silly publish   dependencies:
21 silly publish    { 'body-parser': '^1.15.2',
21 silly publish      chalk: '^1.1.3',
21 silly publish      express: '^4.14.0',
21 silly publish      mysql: '^2.12.0',
21 silly publish      sequelize: '^3.29.0' },
21 silly publish   devDependencies:
21 silly publish    { chai: '^3.5.0',
21 silly publish      dotenv: '^4.0.0',
21 silly publish      expect: '^1.20.2',
21 silly publish      mocha: '^3.2.0',
21 silly publish      supertest: '^2.0.1' },
21 silly publish   readme: '# utility tool\n created by Janay Peters in the Web Design and Development program at Full Sail University.\n\n# Purpose\n The purpose of this utilty tool is to allow debugging on your application.\n\n# Installation Process\n First you want to download node by going to www.node.js.org and following the installation process.\n Second you are able to install my debugging tool by adding it to your computer. npm install UtilityTool and it should appear inside of your node_modules folder. Also here are a few commands that could come in handy:\n npm init (creates a package.json in root for you)\n npm list (lists all installed packages)\n\n\n# Usage\nHere are a few steps to get your debugging to work. First you want to call the file by typing const debug = require(\'UtilityTool\'). Afterwards you will have to turn it on by saying DEBUG=true followed by turning on your server for example: DEBUG=true nodemon src/server.js\n',
21 silly publish   readmeFilename: 'README.md',
21 silly publish   gitHead: 'b91bdaece07985225003d2b8207ec4cc0daf5e4e',
21 silly publish   _id: 'utility_tool@1.0.0',
21 silly publish   _shasum: '496440adb102a9092574128bced3e71bd000cb4c',
21 silly publish   _from: '.' }
22 verbose getPublishConfig undefined
23 silly mapToRegistry name utility_tool
24 silly mapToRegistry using default registry
25 silly mapToRegistry registry https://registry.npmjs.org/
26 silly mapToRegistry data Result {
26 silly mapToRegistry   raw: 'utility_tool',
26 silly mapToRegistry   scope: null,
26 silly mapToRegistry   escapedName: 'utility_tool',
26 silly mapToRegistry   name: 'utility_tool',
26 silly mapToRegistry   rawSpec: '',
26 silly mapToRegistry   spec: 'latest',
26 silly mapToRegistry   type: 'tag' }
27 silly mapToRegistry uri https://registry.npmjs.org/utility_tool
28 verbose publish registryBase https://registry.npmjs.org/
29 silly publish uploading /Users/CreativeMind/.npm/utility_tool/1.0.0/package.tgz
30 verbose request uri https://registry.npmjs.org/utility_tool
31 verbose request sending authorization for write operation
32 info attempt registry request try #1 at 11:12:13 PM
33 verbose request using bearer token for auth
34 verbose request id 1df0653e8baec8ad
35 http request PUT https://registry.npmjs.org/utility_tool
36 http 403 https://registry.npmjs.org/utility_tool
37 verbose headers { 'content-type': 'application/json',
37 verbose headers   'cache-control': 'max-age=300',
37 verbose headers   'content-length': '106',
37 verbose headers   'accept-ranges': 'bytes',
37 verbose headers   date: 'Fri, 20 Jan 2017 04:12:14 GMT',
37 verbose headers   via: '1.1 varnish',
37 verbose headers   connection: 'keep-alive',
37 verbose headers   'x-served-by': 'cache-atl6242-ATL',
37 verbose headers   'x-cache': 'MISS',
37 verbose headers   'x-cache-hits': '0',
37 verbose headers   'x-timer': 'S1484885534.048683,VS0,VE406',
37 verbose headers   vary: 'Accept-Encoding' }
38 verbose request invalidating /Users/CreativeMind/.npm/registry.npmjs.org/utility_tool on PUT
39 error publish Failed PUT 403
40 verbose stack Error: you do not have permission to publish "utility_tool". Are you logged in as the correct user? : utility_tool
40 verbose stack     at makeError (/Users/CreativeMind/.nvm/versions/node/v6.9.2/lib/node_modules/npm/node_modules/npm-registry-client/lib/request.js:302:12)
40 verbose stack     at CachingRegistryClient.<anonymous> (/Users/CreativeMind/.nvm/versions/node/v6.9.2/lib/node_modules/npm/node_modules/npm-registry-client/lib/request.js:290:14)
40 verbose stack     at Request._callback (/Users/CreativeMind/.nvm/versions/node/v6.9.2/lib/node_modules/npm/node_modules/npm-registry-client/lib/request.js:210:14)
40 verbose stack     at Request.self.callback (/Users/CreativeMind/.nvm/versions/node/v6.9.2/lib/node_modules/npm/node_modules/request/request.js:187:22)
40 verbose stack     at emitTwo (events.js:106:13)
40 verbose stack     at Request.emit (events.js:191:7)
40 verbose stack     at Request.<anonymous> (/Users/CreativeMind/.nvm/versions/node/v6.9.2/lib/node_modules/npm/node_modules/request/request.js:1048:10)
40 verbose stack     at emitOne (events.js:96:13)
40 verbose stack     at Request.emit (events.js:188:7)
40 verbose stack     at IncomingMessage.<anonymous> (/Users/CreativeMind/.nvm/versions/node/v6.9.2/lib/node_modules/npm/node_modules/request/request.js:969:12)
41 verbose statusCode 403
42 verbose pkgid utility_tool
43 verbose cwd /Users/CreativeMind/Desktop/utility_tool
44 error Darwin 16.3.0
45 error argv "/Users/CreativeMind/.nvm/versions/node/v6.9.2/bin/node" "/Users/CreativeMind/.nvm/versions/node/v6.9.2/bin/npm" "publish"
46 error node v6.9.2
47 error npm  v3.10.9
48 error code E403
49 error you do not have permission to publish "utility_tool". Are you logged in as the correct user? : utility_tool
50 error If you need help, you may report this error at:
50 error     <https://github.com/npm/npm/issues>
51 verbose exit [ 1, true ]
